<?xml version="1.0" encoding="UTF-8"?>
<!-- Generated by org.testng.reporters.JUnitReportReporter -->
<testsuite skipped="0" hostname="ZDRAGOVIC" name="tests.SearchTest" tests="1" failures="0" timestamp="16 May 2018 08:46:06 GMT" time="8.574" errors="0">
  <testcase name="SearchforProperty" time="8.574" classname="tests.SearchTest"/>
</testsuite> <!-- tests.SearchTest -->
