<?xml version="1.0" encoding="UTF-8"?>
<!-- Generated by org.testng.reporters.JUnitReportReporter -->
<testsuite skipped="0" hostname="ZDRAGOVIC" name="tests.SearchTest" tests="1" failures="0" timestamp="16 May 2018 10:58:48 GMT" time="9.019" errors="0">
  <testcase name="searchforProperty" time="9.019" classname="tests.SearchTest"/>
</testsuite> <!-- tests.SearchTest -->
