<?xml version="1.0" encoding="UTF-8"?>
<!-- Generated by org.testng.reporters.JUnitReportReporter -->
<testsuite skipped="0" hostname="DESKTOP-4L2Q61I" name="tests.SearchTest" tests="1" failures="0" timestamp="18 Apr 2018 20:47:21 GMT" time="7.661" errors="0">
  <testcase name="SearchforProperty" time="7.661" classname="tests.SearchTest"/>
</testsuite> <!-- tests.SearchTest -->
